<?xml version="1.0" encoding="UTF-8"?>
<!-- Generated by org.testng.reporters.JUnitReportReporter -->
<testsuite hostname="DESKTOP-N5I0JOS" name="org.testing.TestScripts.DataDrivenTestCase" tests="15" failures="0" timestamp="4 Feb 2023 13:28:23 GMT" time="0.026" errors="1">
  <testcase name="Tc4" time="0.001" classname="org.testing.TestScripts.DataDrivenTestCase"/>
  <testcase name="tc7" time="0.000" classname="org.testing.TestScripts.DataDrivenTestCase">
    <error type="org.testng.TestNGException" message="
Parameter &#039;Browser&#039; is required by @Test on method tc7 but has not been marked @Optional or defined
in D:\API TESTING\Augustmorningbatch\YTFramework\testng.xml">
      <![CDATA[org.testng.TestNGException: 
Parameter 'Browser' is required by @Test on method tc7 but has not been marked @Optional or defined
in D:\API TESTING\Augustmorningbatch\YTFramework\testng.xml
	at org.testng.internal.Parameters.createParameters(Parameters.java:148)
	at org.testng.internal.Parameters.createParameters(Parameters.java:361)
	at org.testng.internal.Parameters.handleParameters(Parameters.java:451)
	at org.testng.internal.Invoker.handleParameters(Invoker.java:1276)
	at org.testng.internal.Invoker.createParameters(Invoker.java:992)
	at org.testng.internal.Invoker.invokeTestMethods(Invoker.java:1082)
	at org.testng.internal.TestMethodWorker.invokeTestMethods(TestMethodWorker.java:124)
	at org.testng.internal.TestMethodWorker.run(TestMethodWorker.java:108)
	at org.testng.TestRunner.privateRun(TestRunner.java:773)
	at org.testng.TestRunner.run(TestRunner.java:623)
	at org.testng.SuiteRunner.runTest(SuiteRunner.java:357)
	at org.testng.SuiteRunner.runSequentially(SuiteRunner.java:352)
	at org.testng.SuiteRunner.privateRun(SuiteRunner.java:310)
	at org.testng.SuiteRunner.run(SuiteRunner.java:259)
	at org.testng.SuiteRunnerWorker.runSuite(SuiteRunnerWorker.java:52)
	at org.testng.SuiteRunnerWorker.run(SuiteRunnerWorker.java:86)
	at org.testng.TestNG.runSuitesSequentially(TestNG.java:1185)
	at org.testng.TestNG.runSuitesLocally(TestNG.java:1110)
	at org.testng.TestNG.run(TestNG.java:1018)
	at org.testng.remote.AbstractRemoteTestNG.run(AbstractRemoteTestNG.java:115)
	at org.testng.remote.RemoteTestNG.initAndRun(RemoteTestNG.java:251)
	at org.testng.remote.RemoteTestNG.main(RemoteTestNG.java:77)
]]>
    </error>
  </testcase> <!-- tc7 -->
  <testcase name="testcase" time="0.002" classname="org.testing.TestScripts.DataDrivenTestCase"/>
  <testcase name="Tc2" time="0.002" classname="org.testing.TestScripts.DataDrivenTestCase"/>
  <testcase name="testcase" time="0.002" classname="org.testing.TestScripts.DataDrivenTestCase"/>
  <testcase name="testcase" time="0.001" classname="org.testing.TestScripts.DataDrivenTestCase"/>
  <testcase name="testcase" time="0.002" classname="org.testing.TestScripts.DataDrivenTestCase"/>
  <testcase name="Tc3" time="0.001" classname="org.testing.TestScripts.DataDrivenTestCase"/>
  <testcase name="testcase" time="0.002" classname="org.testing.TestScripts.DataDrivenTestCase"/>
  <testcase name="testcase" time="0.002" classname="org.testing.TestScripts.DataDrivenTestCase"/>
  <testcase name="testcase" time="0.002" classname="org.testing.TestScripts.DataDrivenTestCase"/>
  <testcase name="testcase" time="0.004" classname="org.testing.TestScripts.DataDrivenTestCase"/>
  <testcase name="testcase" time="0.001" classname="org.testing.TestScripts.DataDrivenTestCase"/>
  <testcase name="testcase" time="0.002" classname="org.testing.TestScripts.DataDrivenTestCase"/>
  <testcase name="Tc1" time="0.002" classname="org.testing.TestScripts.DataDrivenTestCase"/>
</testsuite> <!-- org.testing.TestScripts.DataDrivenTestCase -->
